# 통계 정보

MySQL 서버는 5.7 버전까지 테이블과 인덱스에 대한 개괄적인 정보를 가지고 실행 계획을 수립했기에 실행 계획의 정확도가 떨어지는 경우가 많았다.  
**MySQL 8.0 버전부터는 인덱스되지 않은 컬럼들에 대해서도 데이터 분포도를 수집해서 저장하는 히스토그램 정보가 도입됐다.**  
그렇다고해서 테이블 및 인덱스의 통계 정보가 필요치 않은 것은 아니다.

테이블 및 인덱스에 대한 통계 정보와 히스토그램을 나누어 확인해보자.

## 테이블 및 인덱스 통계 정보

비용 기반 최적화에서 가장 중요한 것은 통계 정보다.  
**MySQL 5.6 버전 부터는 InnoDB 스토리지 엔진을 사용하는 테이블에 대한 통계 정보를 영구적으로 관리할 수 있게 개선됐다.**  
각 테이블의 통계 정보를 `innodb_index_stats` 테이블과 `innodb_table_stats` 테이블로 관리할 수 있게 되면서 서버가 재시작돼도 기존의 통계 정보를 유지할 수 있게 됐다.

```sql
mysql> select * from mysql.innodb_index_stats where database_name='employees' and table_name='salaries';

+---------------+------------+------------+---------------------+--------------+------------+-------------+-----------------------------------+
| database_name | table_name | index_name | last_update         | stat_name    | stat_value | sample_size | stat_description                  |
+---------------+------------+------------+---------------------+--------------+------------+-------------+-----------------------------------+
| employees     | salaries   | PRIMARY    | 2024-03-19 14:24:23 | n_diff_pfx01 |     307242 |          20 | emp_no                            |
| employees     | salaries   | PRIMARY    | 2024-03-19 14:24:23 | n_diff_pfx02 |    2838426 |          20 | emp_no,from_date                  |
| employees     | salaries   | PRIMARY    | 2024-03-19 14:24:23 | n_leaf_pages |       6078 |        NULL | Number of leaf pages in the index |
| employees     | salaries   | PRIMARY    | 2024-03-19 14:24:23 | size         |       6120 |        NULL | Number of pages in the index      |
| employees     | salaries   | ix_salary  | 2024-03-19 14:24:23 | n_diff_pfx01 |      97450 |          20 | salary                            |
| employees     | salaries   | ix_salary  | 2024-03-19 14:24:23 | n_diff_pfx02 |    2821563 |          20 | salary,emp_no                     |
| employees     | salaries   | ix_salary  | 2024-03-19 14:24:23 | n_diff_pfx03 |    2950846 |          20 | salary,emp_no,from_date           |
| employees     | salaries   | ix_salary  | 2024-03-19 14:24:23 | n_leaf_pages |       4157 |        NULL | Number of leaf pages in the index |
| employees     | salaries   | ix_salary  | 2024-03-19 14:24:23 | size         |       4777 |        NULL | Number of pages in the index      |
+---------------+------------+------------+---------------------+--------------+------------+-------------+-----------------------------------+

mysql> select * from mysql.innodb_table_stats where database_name='employees' and table_name='salaries';

+---------------+------------+---------------------+---------+----------------------+--------------------------+
| database_name | table_name | last_update         | n_rows  | clustered_index_size | sum_of_other_index_sizes |
+---------------+------------+---------------------+---------+----------------------+--------------------------+
| employees     | salaries   | 2024-03-19 14:24:23 | 2838426 |                 6120 |                     4777 |
+---------------+------------+---------------------+---------+----------------------+--------------------------+
```

1. **innodb_index_stats.stat_name**
   1. `n_diff_pfx%` : 인덱스가 가진 유니크한 값의 개수
   2. `n_leaf_pages` : 인덱스의 리프 노드 페이지 개수
   3. `size` : 인덱스 트리의 전체 페이지 개수

## 히스토그램

MySQL 5.7 버전까지의 통계 정보는 단순히 인덱스된 컬럼의 유니크한 값의 개수 정도만 가지고 있었는데, 이는 옵티마이저가 최적의 실행 계획을 수립하기에는 많이 부족했다.  
8.0 버전으로 업그레이드 되면서 **컬럼의 데이터 분포도를 참조할 수 있는 히스토그램 정보를 활용할 수 있게 됐다.**

히스토그램 정보는 **컬럼 단위로 관리되는데, 자동으로 수집되지 않고 `ANALYZE TABLE .. UPDATE HISTOGRAM` 명령을 실행해 수동으로 수집 및 관리된다.**  
수집된 히스토그램 정보는 시스템 딕셔너리에 함께 저장되고, MySQL 서버가 시작될 때 딕셔너리의 히스토그램 정보를 `information_schema.column_statistics` 테이블로 로드한다.

```sql
mysql> analyze table employees.employees update histogram on gender, hire_date;

+---------------------+-----------+----------+------------------------------------------------------+
| Table               | Op        | Msg_type | Msg_text                                             |
+---------------------+-----------+----------+------------------------------------------------------+
| employees.employees | histogram | status   | Histogram statistics created for column 'gender'.    |
| employees.employees | histogram | status   | Histogram statistics created for column 'hire_date'. |
+---------------------+-----------+----------+------------------------------------------------------+

mysql> select * from information_schema.COLUMN_STATISTICS where schema_name='employees' and table_name='employees'\G

*************************** 1. row ***************************
SCHEMA_NAME: employees
 TABLE_NAME: employees
COLUMN_NAME: gender
  HISTOGRAM: {
    "buckets": [[1, 0.5992564987177832], [2, 1.0]],
    "data-type": "enum",
    "null-values": 0.0,
    "collation-id": 45,
    "last-updated": "2024-03-24 14:04:47.827784",
    "sampling-rate": 0.34735190026498786,
    "histogram-type": "singleton",
    "number-of-buckets-specified": 100
  }
*************************** 2. row ***************************
SCHEMA_NAME: employees
 TABLE_NAME: employees
COLUMN_NAME: hire_date
  HISTOGRAM: {
    "buckets": [["1985-01-01", "1985-02-28", 0.0098334040551261, 31], ["1985-03-01", "1985-03-27", 0.019897422651882737, 27], ... ["1998-09-15", "2000-01-28", 1.0, 442]], 
    "data-type": "date", 
    "null-values": 0.0, 
    "collation-id": 8, 
    "last-updated": "2024-03-24 14:04:47.834205", 
    "sampling-rate": 0.34735190026498786,   -- 히스토그램 정보를 수집하기 위해 스캔한 페이지의 비율, 34%
    "histogram-type": "equi-height", 
    "number-of-buckets-specified": 100      -- 히스토그램을 생성할 때 설정했던 버킷의 개수, 기본으로 100개의 버킷이 사용됨
  }
```

- `Singleton` 히스토그램 : 컬럼값 개별로 레코드 건수를 관리하는 히스토그램
  - 각 버킷이 `컬럼의 값`과 `발생 빈도의 비율` 이 2개의 값을 가진다.
- `Equi-Height` 히스토그램 : 컬럼값의 범위를 균등한 개수로 구분해서 관리하는 히스토그램
  - 각 버킷이 `범위의 시작 값`과 `마지막 값`, 그리고 `발생 빈도율`과 각 버킷에 포함된 `유니크한 값의 개수` 4개의 값을 가진다.
  
**히스토그램은 버킷 단위로 구분되어 레코드 건수나 컬럼값의 범위가 관리되는데, 싱글톤 히스토그램은 컬럼이 가지는 값별로 버킷이 할당되며 높이 균형 히스토그램에서는 개수가 균등한 컬럼값의 범위별로 하나의 버킷이 할당된다.**  

> 히스토그램은 특정 컬럼이 가지는 모든 값에 대한 분포도 정보를 가지지는 않지만 각 범위(버킷)별로 레코드의 건수와 유니크한 값의 개수 정보를 가지기 때문에 훨씬 정확한 예측을 할 수 있다.  
> 히스토그램 정보가 없다면 옵티마이저는 데이터가 균등하게 분포돼 있을 것으로 예측하기에 히스토그램이 있으면 특정 범위의 데이터가 많고 적음을 식별할 수 있다.  

## 히스토그램과 인덱스

히스토그램과 인덱스는 완전히 다른 객체이기 때문에 서로 비교할 대상은 아니지만, MySQL 서버에서 인덱스는 부족한 통계 정보를 수집하기 위해 사용된다는 측면에서 어느 정도 공통점을 가진다고 볼 수 있다.  
쿼리의 실행 계획을 수립할 때 사용 가능한 인덱스들로부터 조건절에 일치하는 레코드 건수를 대략 파악하고 최종적으로 가장 나은 실행 계획을 선택한다.  
**이때 조건절에 일치하는 레코드 건수를 예측하기 위해 옵티마이저는 실제 인덱스의 B-Tree를 샘플링해서 살펴보며 이 작업을 `인덱스 다이브`라고 표현한다.**  
  
조건절에 인덱스에 사용된 컬럼이 명시된다면 실제 인덱스 다이브를 통해 직접 수집한 정보를 활용한다.  

## 코스트 모델

MySQL 서버가 쿼리를 처리하려면 아래와 같은 다양한 작업을 필요로 한다.

1. 디스크로부터 데이터 페이지 읽기
2. 메모리(InnoDB 버퍼 풀)로부터 데이터 페이지 읽기
3. 인덱스 키 비교
4. 레코드 평가
5. 메모리 임시 테이블 작업
6. 디스크 임시 테이블 작업

사용자의 쿼리에 대해 이러한 다양한 작업이 얼마나 필요한지 예측하고 전체 작업 비용을 계산한 결과를 바탕으로 최적의 실행 계획을 찾는다.  
**이렇게 전체 쿼리의 비용을 계산하는데 필요한 단위 작업들의 비용을 `코스트 모델`이라고 한다.**  
  
MySQL 서버 8.0의 코스트 모델은 아래 2개의 테이블에 저장돼 있는 설정 값을 사용하며, 모두 MySQL DB에 존재한다.  

- `server_cost` : 인덱스를 찾고 레코드를 비교하고 임시 테이블 처리에 대한 비용 관리
- `engine_cost` : 레코드를 가진 데이터 페이지를 가져오는데 필요한 비용 관리

# 실행 계획 확인

`DESC` 또는 `EXPLAIN` 명령으로 확인할 수 있다.  
쿼리의 실행 계획과 단계별 소요된 시간 정보를 확인할 수 있는 `EXPLAIN ANALYZE` 기능이 추가됐다.  

```sql
mysql> explain analyze
    -> select e.emp_no, avg(s.salary)
    -> from employees e inner join salaries s
    ->     on e.emp_no = s.emp_no and
    ->        s.salary > 50000 and
    ->        s.from_date <= '1990-01-01' and
    ->        s.to_date > '1990-01-01'
    -> where e.first_name = 'Matt'
    -> group by e.emp_no\G

*************************** 1. row ***************************
EXPLAIN: -> Group aggregate: avg(s.salary)  (cost=474 rows=120) (actual time=0.246..3.32 rows=48 loops=1)
    -> Nested loop inner join  (cost=462 rows=120) (actual time=0.168..3.27 rows=48 loops=1)
        -> Covering index lookup on e using ix_firstname (first_name='Matt')  (cost=26 rows=233) (actual time=0.124..0.217 rows=233 loops=1)
        -> Filter: ((s.salary > 50000) and (s.from_date <= DATE'1990-01-01') and (s.to_date > DATE'1990-01-01'))  (cost=0.947 rows=0.513) (actual time=0.0116..0.0129 rows=0.206 loops=233)
            -> Index lookup on s using PRIMARY (emp_no=e.emp_no)  (cost=0.947 rows=9.24) (actual time=0.00841..0.0111 rows=9.53 loops=233)
```

- **들여쓰기가 같은 레벨에서는 상단에 위치한 라인이 먼저 실행**
- **들여쓰기가 다른 레벨에서는 가장 안쪽에 위치한 라인이 먼저 실행**
  
1. **커버링 인덱스 조회 (Covering index lookup)**
   - ix_firstname 인덱스를 사용하여 e 테이블에서 first_name='Matt' 조건을 만족하는 행을 찾습니다.
   - 비용은 26이고, 예상 행 수는 233개입니다. 실제 시간은 0.124초에서 0.217초 사이이며, 실제로 233개의 행을 찾았습니다.
   - 이 단계는 쿼리의 시작점으로, 특정 이름을 가진 직원들을 빠르게 찾기 위해 인덱스를 사용합니다.
2. **인덱스 조회 (Index lookup)**
   - 이 단계는 각 직원 번호(emp_no)에 대해 salary 정보를 조회하는 내용에 대한 설명이다.
   - PRIMARY 인덱스를 사용하여 s 테이블에서 emp_no=e.emp_no 조건을 만족하는 행을 찾습니다.
   - 비용은 0.947이며, 예상 행 수는 9.24개입니다. 실제 시간은 각 루프에서 0.00841초에서 0.0111초 사이이며, 평균적으로 9.53개의 행을 찾았습니다.
3. **필터 (Filter)**
   - 조회된 s 테이블의 행에 대해 조건 ((s.salary > 50000) and (s.from_date <= DATE'1990-01-01') and (s.to_date > DATE'1990-01-01'))를 적용합니다.
   - 비용은 0.947이며, 예상적으로 0.513개의 행이 조건을 만족할 것으로 보입니다. 실제 처리 시간은 각 루프에서 0.0116초에서 0.0129초 사이이며, 평균적으로 0.206개의 행이 조건을 만족합니다.
   - 이 단계는 급여 정보가 특정 조건을 만족하는지 필터링합니다.
4. **중첩 루프 내부 조인 (Nested loop inner join)**
   - 앞서의 두 단계를 통해 얻은 결과를 조인합니다.
   - 비용은 462이며, 예상 행 수는 120개입니다. 실제 시간은 0.168초에서 3.27초 사이이며, 48개의 행이 결과로 나왔습니다.
   - 이 단계에서는 첫 번째 단계에서 찾은 직원들과 세 번째 단계에서 필터링한 급여 정보를 조인합니다.
5. **그룹 집계 (Group aggregate)**
   - 조인된 결과에 대해 avg(s.salary)를 계산합니다.
   - 비용은 474이며, 예상 행 수는 120개입니다. 실제 처리 시간은 0.246초에서 3.32초 사이이며, 최종적으로 48개의 그룹이 생성됩니다.
   - 이 단계는 최종 결과인 각 그룹에 대한 평균 급여를 계산합니다.
  
# 실행 계획 분석 ⭐️

